[2023-07-05 12:02:28,505] INFO Shutting down the log cleaner. (kafka.log.LogCleaner)
[2023-07-05 12:02:28,515] INFO [kafka-log-cleaner-thread-0]: Shutting down (kafka.log.LogCleaner)
[2023-07-05 12:02:28,517] INFO [kafka-log-cleaner-thread-0]: Stopped (kafka.log.LogCleaner)
[2023-07-05 12:02:28,517] INFO [kafka-log-cleaner-thread-0]: Shutdown completed (kafka.log.LogCleaner)
[2023-07-05 12:04:16,645] INFO Starting the log cleaner (kafka.log.LogCleaner)
[2023-07-05 12:04:16,778] INFO [kafka-log-cleaner-thread-0]: Starting (kafka.log.LogCleaner)
[2023-07-06 18:38:48,869] INFO Shutting down the log cleaner. (kafka.log.LogCleaner)
[2023-07-06 18:38:48,875] INFO [kafka-log-cleaner-thread-0]: Shutting down (kafka.log.LogCleaner)
[2023-07-06 18:38:48,878] INFO [kafka-log-cleaner-thread-0]: Stopped (kafka.log.LogCleaner)
[2023-07-06 18:38:48,879] INFO [kafka-log-cleaner-thread-0]: Shutdown completed (kafka.log.LogCleaner)
[2023-07-06 18:40:17,117] INFO Starting the log cleaner (kafka.log.LogCleaner)
[2023-07-06 18:40:17,222] INFO [kafka-log-cleaner-thread-0]: Starting (kafka.log.LogCleaner)
[2023-07-06 18:40:32,283] INFO Cleaner 0: Beginning cleaning of log __consumer_offsets-38 (kafka.log.LogCleaner)
[2023-07-06 18:40:32,283] INFO Cleaner 0: Building offset map for __consumer_offsets-38... (kafka.log.LogCleaner)
[2023-07-06 18:40:32,316] INFO Cleaner 0: Building offset map for log __consumer_offsets-38 for 1 segments in offset range [0, 196380). (kafka.log.LogCleaner)
[2023-07-06 18:40:32,574] INFO Cleaner 0: Offset map for log __consumer_offsets-38 complete. (kafka.log.LogCleaner)
[2023-07-06 18:40:32,576] INFO Cleaner 0: Cleaning log __consumer_offsets-38 (cleaning prior to Wed Jul 05 12:15:24 IST 2023, discarding tombstones prior to upper bound deletion horizon Thu Jan 01 05:30:00 IST 1970)... (kafka.log.LogCleaner)
[2023-07-06 18:40:32,583] INFO Cleaner 0: Cleaning LogSegment(baseOffset=0, size=26713507, lastModifiedTime=1688539524673, largestRecordTimestamp=Some(1688539524673)) in log __consumer_offsets-38 into 0 with an upper bound deletion horizon 0 computed from the segment last modified time of 1688539524673,retaining deletes. (kafka.log.LogCleaner)
[2023-07-06 18:40:32,780] INFO Cleaner 0: Swapping in cleaned segment LogSegment(baseOffset=0, size=393, lastModifiedTime=1688539524673, largestRecordTimestamp=Some(1688539524673)) for segment(s) List(LogSegment(baseOffset=0, size=26713507, lastModifiedTime=1688539524673, largestRecordTimestamp=Some(1688539524673))) in log Log(dir=C:\tmp\kafka-logs\__consumer_offsets-38, topicId=VdRIdsWERSStCLhAVxCmKw, topic=__consumer_offsets, partition=38, highWatermark=196403, lastStableOffset=196403, logStartOffset=0, logEndOffset=196403) (kafka.log.LogCleaner)
[2023-07-06 18:40:32,807] INFO Cleaner 0: Beginning cleaning of log __consumer_offsets-38 (kafka.log.LogCleaner)
[2023-07-06 18:40:32,807] INFO Cleaner 0: Building offset map for __consumer_offsets-38... (kafka.log.LogCleaner)
[2023-07-06 18:40:32,855] INFO Cleaner 0: Building offset map for log __consumer_offsets-38 for 1 segments in offset range [0, 196380). (kafka.log.LogCleaner)
[2023-07-06 18:41:07,608] INFO Starting the log cleaner (kafka.log.LogCleaner)
[2023-07-06 18:41:07,687] INFO [kafka-log-cleaner-thread-0]: Starting (kafka.log.LogCleaner)
[2023-07-06 18:41:53,051] INFO Shutting down the log cleaner. (kafka.log.LogCleaner)
[2023-07-06 18:41:53,053] INFO [kafka-log-cleaner-thread-0]: Shutting down (kafka.log.LogCleaner)
[2023-07-06 18:41:53,054] INFO [kafka-log-cleaner-thread-0]: Stopped (kafka.log.LogCleaner)
[2023-07-06 18:41:53,054] INFO [kafka-log-cleaner-thread-0]: Shutdown completed (kafka.log.LogCleaner)
[2023-07-06 18:42:03,395] INFO Starting the log cleaner (kafka.log.LogCleaner)
[2023-07-06 18:42:03,489] INFO [kafka-log-cleaner-thread-0]: Starting (kafka.log.LogCleaner)
[2023-07-10 11:14:07,758] INFO Shutting down the log cleaner. (kafka.log.LogCleaner)
[2023-07-10 11:14:07,765] INFO [kafka-log-cleaner-thread-0]: Shutting down (kafka.log.LogCleaner)
[2023-07-10 11:14:07,766] INFO [kafka-log-cleaner-thread-0]: Stopped (kafka.log.LogCleaner)
[2023-07-10 11:14:07,766] INFO [kafka-log-cleaner-thread-0]: Shutdown completed (kafka.log.LogCleaner)
[2023-07-10 11:14:16,088] INFO Starting the log cleaner (kafka.log.LogCleaner)
[2023-07-10 11:14:16,146] INFO [kafka-log-cleaner-thread-0]: Starting (kafka.log.LogCleaner)
[2023-07-19 11:43:49,513] INFO Starting the log cleaner (kafka.log.LogCleaner)
[2023-07-19 11:43:49,664] INFO [kafka-log-cleaner-thread-0]: Starting (kafka.log.LogCleaner)
[2023-07-19 11:45:09,001] INFO Starting the log cleaner (kafka.log.LogCleaner)
[2023-07-19 11:45:09,092] INFO [kafka-log-cleaner-thread-0]: Starting (kafka.log.LogCleaner)
